2019-07-05 18:23:01,141 - ztaskd - INFO - Server starting on ipc:///var/run/rockon-ztaskd.
2019-07-05 18:59:24,320 - ztaskd - INFO - Server starting on ipc:///var/run/rockon-ztaskd.
2019-07-05 19:00:48,456 - ztaskd - INFO - Server starting on ipc:///var/run/rockon-ztaskd.
2019-07-05 19:04:43,655 - ztaskd - INFO - Server starting on ipc:///var/run/rockon-ztaskd.
2019-07-05 19:10:10,395 - ztaskd - INFO - Server starting on ipc:///var/run/rockon-ztaskd.
2019-07-05 19:12:46,045 - ztaskd - INFO - Server starting on ipc:///var/run/rockon-ztaskd.
2019-07-05 19:16:29,076 - ztaskd - INFO - Server starting on ipc:///var/run/rockon-ztaskd.
2019-07-12 08:38:50,124 - ztaskd - INFO - Server starting on ipc:///var/run/rockon-ztaskd.
2019-07-12 08:52:46,505 - ztaskd - INFO - Server starting on ipc:///var/run/rockon-ztaskd.
2019-07-12 08:53:57,565 - ztaskd - INFO - Server starting on ipc:///var/run/rockon-ztaskd.
2019-07-12 08:55:59,256 - ztaskd - INFO - Server starting on ipc:///var/run/rockon-ztaskd.
2019-07-12 08:56:30,603 - ztaskd - INFO - Server starting on ipc:///var/run/rockon-ztaskd.
2019-07-12 08:59:59,974 - ztaskd - INFO - Server starting on ipc:///var/run/rockon-ztaskd.
2019-07-12 09:16:20,254 - ztaskd - INFO - Server starting on ipc:///var/run/rockon-ztaskd.
2019-07-12 09:20:46,374 - ztaskd - INFO - Server starting on ipc:///var/run/rockon-ztaskd.
2019-07-12 20:13:31,975 - ztaskd - INFO - Server starting on ipc:///var/run/rockon-ztaskd.
2019-07-12 20:48:58,774 - ztaskd - INFO - Server starting on ipc:///var/run/rockon-ztaskd.
2019-07-13 00:04:06,813 - ztaskd - INFO - Server starting on ipc:///var/run/rockon-ztaskd.
2019-07-13 00:07:46,619 - ztaskd - INFO - Server starting on ipc:///var/run/rockon-ztaskd.
2019-07-13 00:09:56,165 - ztaskd - INFO - Server starting on ipc:///var/run/rockon-ztaskd.
2019-07-13 00:13:58,504 - ztaskd - INFO - Server starting on ipc:///var/run/rockon-ztaskd.
2019-07-13 00:15:47,578 - ztaskd - INFO - Server starting on ipc:///var/run/rockon-ztaskd.
2019-07-13 00:19:42,123 - ztaskd - INFO - Server starting on ipc:///var/run/rockon-ztaskd.
2019-07-13 00:21:36,068 - ztaskd - INFO - Server starting on ipc:///var/run/rockon-ztaskd.
2019-07-13 00:23:03,427 - ztaskd - INFO - Server starting on ipc:///var/run/rockon-ztaskd.
2019-07-13 00:28:11,181 - ztaskd - INFO - Server starting on ipc:///var/run/rockon-ztaskd.
2019-07-22 09:39:49,557 - ztaskd - INFO - Server starting on ipc:///var/run/rockon-ztaskd.
2019-07-22 09:41:22,574 - ztaskd - INFO - Server starting on ipc:///var/run/rockon-ztaskd.
2019-07-22 09:44:53,997 - ztaskd - INFO - Server starting on ipc:///var/run/rockon-ztaskd.
2019-07-22 09:45:24,905 - ztaskd - INFO - Server starting on ipc:///var/run/rockon-ztaskd.
2019-07-22 09:47:34,053 - ztaskd - INFO - Server starting on ipc:///var/run/rockon-ztaskd.
2019-07-22 09:48:54,199 - ztaskd - INFO - Server starting on ipc:///var/run/rockon-ztaskd.
2019-07-22 09:54:22,637 - ztaskd - INFO - Server starting on ipc:///var/run/rockon-ztaskd.
2019-07-22 14:59:01,371 - ztaskd - INFO - Server starting on ipc:///var/run/rockon-ztaskd.
2019-07-22 15:04:12,348 - ztaskd - INFO - Server starting on ipc:///var/run/rockon-ztaskd.
2019-07-22 15:14:53,176 - ztaskd - INFO - Server starting on ipc:///var/run/rockon-ztaskd.
2019-07-26 15:58:18,680 - ztaskd - INFO - Server starting on ipc:///var/run/rockon-ztaskd.
2019-07-29 15:59:33,639 - ztaskd - INFO - Server starting on ipc:///var/run/rockon-ztaskd.
2019-07-29 16:00:06,240 - ztaskd - INFO - Server starting on ipc:///var/run/rockon-ztaskd.
2019-07-29 16:10:54,166 - ztaskd - INFO - Server starting on ipc:///var/run/rockon-ztaskd.
2019-07-29 16:11:53,847 - ztaskd - INFO - Server starting on ipc:///var/run/rockon-ztaskd.
2019-07-29 16:15:33,950 - ztaskd - INFO - Server starting on ipc:///var/run/rockon-ztaskd.
2019-07-29 16:21:33,977 - ztaskd - INFO - Server starting on ipc:///var/run/rockon-ztaskd.
2019-07-30 16:26:42,448 - ztaskd - INFO - Server starting on ipc:///var/run/rockon-ztaskd.
2019-07-30 21:55:34,230 - ztaskd - INFO - Server starting on ipc:///var/run/rockon-ztaskd.
2019-07-30 22:20:54,257 - ztaskd - INFO - Server starting on ipc:///var/run/rockon-ztaskd.
2019-08-07 16:11:10,822 - ztaskd - INFO - Server starting on ipc:///var/run/rockon-ztaskd.
2019-08-07 16:20:26,930 - ztaskd - INFO - Server starting on ipc:///var/run/rockon-ztaskd.
2019-08-07 16:38:11,686 - ztaskd - INFO - Server starting on ipc:///var/run/rockon-ztaskd.
2019-08-07 16:53:09,437 - ztaskd - INFO - Server starting on ipc:///var/run/rockon-ztaskd.
2019-08-07 17:06:23,407 - ztaskd - INFO - Server starting on ipc:///var/run/rockon-ztaskd.
2019-08-07 17:09:21,585 - ztaskd - INFO - Server starting on ipc:///var/run/rockon-ztaskd.
2019-08-07 17:12:17,256 - ztaskd - INFO - Server starting on ipc:///var/run/rockon-ztaskd.
2019-08-07 17:16:02,066 - ztaskd - INFO - Server starting on ipc:///var/run/rockon-ztaskd.
2019-08-07 17:27:23,377 - ztaskd - INFO - Server starting on ipc:///var/run/rockon-ztaskd.
2019-08-07 17:27:56,070 - ztaskd - INFO - Server starting on ipc:///var/run/rockon-ztaskd.
2019-08-07 17:28:35,525 - ztaskd - INFO - Server starting on ipc:///var/run/rockon-ztaskd.
2019-08-07 17:42:23,088 - ztaskd - INFO - Server starting on ipc:///var/run/rockon-ztaskd.
2019-08-07 17:43:46,606 - ztaskd - INFO - Server starting on ipc:///var/run/rockon-ztaskd.
2019-08-07 17:48:29,494 - ztaskd - INFO - Server starting on ipc:///var/run/rockon-ztaskd.
2019-08-07 17:52:24,063 - ztaskd - INFO - Server starting on ipc:///var/run/rockon-ztaskd.
2019-08-07 17:54:16,688 - ztaskd - INFO - Server starting on ipc:///var/run/rockon-ztaskd.
2019-08-07 17:59:21,655 - ztaskd - INFO - Server starting on ipc:///var/run/rockon-ztaskd.
2019-08-07 18:02:17,443 - ztaskd - INFO - Server starting on ipc:///var/run/rockon-ztaskd.
2019-08-07 20:47:03,162 - ztaskd - INFO - Server starting on ipc:///var/run/rockon-ztaskd.
2019-08-07 20:50:59,690 - ztaskd - INFO - Server starting on ipc:///var/run/rockon-ztaskd.
2019-08-07 20:53:28,383 - ztaskd - INFO - Server starting on ipc:///var/run/rockon-ztaskd.
2019-08-07 21:12:50,400 - ztaskd - INFO - Server starting on ipc:///var/run/rockon-ztaskd.
2019-08-07 21:26:11,101 - ztaskd - INFO - Server starting on ipc:///var/run/rockon-ztaskd.
2019-08-07 21:41:18,026 - ztaskd - INFO - Server starting on ipc:///var/run/rockon-ztaskd.
2019-08-07 22:04:04,897 - ztaskd - INFO - Server starting on ipc:///var/run/rockon-ztaskd.
2019-08-08 14:56:54,467 - ztaskd - INFO - Server starting on ipc:///var/run/rockon-ztaskd.
2019-08-08 14:58:50,953 - ztaskd - INFO - Server starting on ipc:///var/run/rockon-ztaskd.
2019-08-08 15:00:34,782 - ztaskd - INFO - Server starting on ipc:///var/run/rockon-ztaskd.
2019-08-08 15:02:00,073 - ztaskd - INFO - Server starting on ipc:///var/run/rockon-ztaskd.
2019-08-08 15:08:57,448 - ztaskd - INFO - Server starting on ipc:///var/run/rockon-ztaskd.
2019-08-08 15:21:08,195 - ztaskd - INFO - Server starting on ipc:///var/run/rockon-ztaskd.
2019-08-09 11:23:45,336 - ztaskd - INFO - Server starting on ipc:///var/run/rockon-ztaskd.
2019-08-09 11:34:42,391 - ztaskd - INFO - Server starting on ipc:///var/run/rockon-ztaskd.
2019-08-14 00:32:48,069 - ztaskd - INFO - Server starting on ipc:///var/run/rockon-ztaskd.
2019-08-14 00:38:57,675 - ztaskd - INFO - Server starting on ipc:///var/run/rockon-ztaskd.
2019-08-14 00:40:51,376 - ztaskd - INFO - Server starting on ipc:///var/run/rockon-ztaskd.
2019-08-14 00:49:23,608 - ztaskd - INFO - Server starting on ipc:///var/run/rockon-ztaskd.
2019-08-14 00:50:42,051 - ztaskd - INFO - Server starting on ipc:///var/run/rockon-ztaskd.
2019-08-14 00:51:27,262 - ztaskd - INFO - Server starting on ipc:///var/run/rockon-ztaskd.
2019-08-14 00:57:12,256 - ztaskd - INFO - Server starting on ipc:///var/run/rockon-ztaskd.
2019-08-14 00:59:23,924 - ztaskd - INFO - Server starting on ipc:///var/run/rockon-ztaskd.
2019-08-14 01:06:59,558 - ztaskd - INFO - Server starting on ipc:///var/run/rockon-ztaskd.
2019-08-14 01:13:33,679 - ztaskd - INFO - Server starting on ipc:///var/run/rockon-ztaskd.
2019-08-14 01:14:13,925 - ztaskd - INFO - Server starting on ipc:///var/run/rockon-ztaskd.
2019-08-14 01:14:43,766 - ztaskd - INFO - Server starting on ipc:///var/run/rockon-ztaskd.
2019-08-14 01:17:57,422 - ztaskd - INFO - Server starting on ipc:///var/run/rockon-ztaskd.
2019-08-14 01:18:39,449 - ztaskd - INFO - Server starting on ipc:///var/run/rockon-ztaskd.
2019-08-14 01:24:48,625 - ztaskd - INFO - Server starting on ipc:///var/run/rockon-ztaskd.
2019-08-14 01:34:21,972 - ztaskd - INFO - Server starting on ipc:///var/run/rockon-ztaskd.
2019-08-14 02:48:44,483 - ztaskd - INFO - Server starting on ipc:///var/run/rockon-ztaskd.
2019-08-14 02:50:50,840 - ztaskd - INFO - Server starting on ipc:///var/run/rockon-ztaskd.
2019-08-14 02:51:55,600 - ztaskd - INFO - Server starting on ipc:///var/run/rockon-ztaskd.
2019-08-14 03:04:51,633 - ztaskd - INFO - Server starting on ipc:///var/run/rockon-ztaskd.
2019-08-14 03:12:37,216 - ztaskd - INFO - Server starting on ipc:///var/run/rockon-ztaskd.
2019-08-14 03:18:29,355 - ztaskd - INFO - Server starting on ipc:///var/run/rockon-ztaskd.
2019-08-14 03:20:36,956 - ztaskd - INFO - Server starting on ipc:///var/run/rockon-ztaskd.
2019-08-14 03:21:10,152 - ztaskd - INFO - Server starting on ipc:///var/run/rockon-ztaskd.
2019-08-14 03:21:41,101 - ztaskd - INFO - Server starting on ipc:///var/run/rockon-ztaskd.
2019-08-14 03:22:14,996 - ztaskd - INFO - Server starting on ipc:///var/run/rockon-ztaskd.
2019-08-14 03:24:32,370 - ztaskd - INFO - Server starting on ipc:///var/run/rockon-ztaskd.
2019-08-14 03:29:26,779 - ztaskd - INFO - Server starting on ipc:///var/run/rockon-ztaskd.
2019-08-14 03:30:40,210 - ztaskd - INFO - Server starting on ipc:///var/run/rockon-ztaskd.
2019-08-14 03:34:24,498 - ztaskd - INFO - Server starting on ipc:///var/run/rockon-ztaskd.
2019-08-14 03:37:59,397 - ztaskd - INFO - Server starting on ipc:///var/run/rockon-ztaskd.
2019-08-14 03:39:42,984 - ztaskd - INFO - Server starting on ipc:///var/run/rockon-ztaskd.
2019-08-14 03:42:03,622 - ztaskd - INFO - Server starting on ipc:///var/run/rockon-ztaskd.
2019-08-14 03:45:26,346 - ztaskd - INFO - Server starting on ipc:///var/run/rockon-ztaskd.
2019-08-14 03:48:00,788 - ztaskd - INFO - Server starting on ipc:///var/run/rockon-ztaskd.
2019-08-14 03:49:25,296 - ztaskd - INFO - Server starting on ipc:///var/run/rockon-ztaskd.
2019-08-16 02:01:12,279 - ztaskd - INFO - Server starting on ipc:///var/run/rockon-ztaskd.
2019-08-16 19:28:34,254 - ztaskd - INFO - Server starting on ipc:///var/run/rockon-ztaskd.
2019-08-16 19:41:22,353 - ztaskd - INFO - Server starting on ipc:///var/run/rockon-ztaskd.
2019-08-16 19:42:34,455 - ztaskd - INFO - Server starting on ipc:///var/run/rockon-ztaskd.
2019-08-16 19:42:52,910 - ztaskd - INFO - Server starting on ipc:///var/run/rockon-ztaskd.
2019-08-16 19:43:28,915 - ztaskd - INFO - Server starting on ipc:///var/run/rockon-ztaskd.
2019-08-16 19:43:57,587 - ztaskd - INFO - Server starting on ipc:///var/run/rockon-ztaskd.
2019-08-16 19:44:20,290 - ztaskd - INFO - Server starting on ipc:///var/run/rockon-ztaskd.
2019-08-16 19:45:06,435 - ztaskd - INFO - Server starting on ipc:///var/run/rockon-ztaskd.
2019-08-16 19:46:20,186 - ztaskd - INFO - Server starting on ipc:///var/run/rockon-ztaskd.
2019-08-16 19:47:04,737 - ztaskd - INFO - Server starting on ipc:///var/run/rockon-ztaskd.
2019-08-16 19:47:19,934 - ztaskd - INFO - Server starting on ipc:///var/run/rockon-ztaskd.
2019-08-16 19:47:55,789 - ztaskd - INFO - Server starting on ipc:///var/run/rockon-ztaskd.
2019-08-16 19:48:21,870 - ztaskd - INFO - Server starting on ipc:///var/run/rockon-ztaskd.
2019-08-16 19:49:30,188 - ztaskd - INFO - Server starting on ipc:///var/run/rockon-ztaskd.
2019-08-16 20:36:35,707 - ztaskd - INFO - Server starting on ipc:///var/run/rockon-ztaskd.
2019-08-16 20:39:11,405 - ztaskd - INFO - Server starting on ipc:///var/run/rockon-ztaskd.
2019-08-16 20:41:10,428 - ztaskd - INFO - Server starting on ipc:///var/run/rockon-ztaskd.
2019-08-16 20:42:44,355 - ztaskd - INFO - Server starting on ipc:///var/run/rockon-ztaskd.
2019-08-16 20:45:01,468 - ztaskd - INFO - Server starting on ipc:///var/run/rockon-ztaskd.
2019-08-16 22:05:09,164 - ztaskd - INFO - Server starting on ipc:///var/run/rockon-ztaskd.
2019-08-17 00:17:17,653 - ztaskd - INFO - Server starting on ipc:///var/run/rockon-ztaskd.
2019-08-17 00:27:59,696 - ztaskd - INFO - Server starting on ipc:///var/run/rockon-ztaskd.
2019-08-17 00:28:43,515 - ztaskd - INFO - Server starting on ipc:///var/run/rockon-ztaskd.
2019-08-17 17:46:38,465 - ztaskd - INFO - Server starting on ipc:///var/run/rockon-ztaskd.
2019-08-17 17:50:43,332 - ztaskd - INFO - Server starting on ipc:///var/run/rockon-ztaskd.
2019-08-17 17:54:58,548 - ztaskd - INFO - Server starting on ipc:///var/run/rockon-ztaskd.
2019-08-17 17:57:14,847 - ztaskd - INFO - Server starting on ipc:///var/run/rockon-ztaskd.
2019-08-17 18:20:37,967 - ztaskd - INFO - Server starting on ipc:///var/run/rockon-ztaskd.
2019-08-17 18:40:22,501 - ztaskd - INFO - Server starting on ipc:///var/run/rockon-ztaskd.
2019-08-17 18:40:55,634 - ztaskd - INFO - Server starting on ipc:///var/run/rockon-ztaskd.
2019-08-23 13:47:07,469 - ztaskd - INFO - Server starting on ipc:///var/run/rockon-ztaskd.
2019-08-23 14:00:59,414 - ztaskd - INFO - Server starting on ipc:///var/run/rockon-ztaskd.
2019-08-23 14:29:18,093 - ztaskd - INFO - Server starting on ipc:///var/run/rockon-ztaskd.
2019-08-23 15:30:27,326 - ztaskd - INFO - Server starting on ipc:///var/run/rockon-ztaskd.
2019-08-23 17:22:00,089 - ztaskd - INFO - Server starting on ipc:///var/run/rockon-ztaskd.
2019-08-23 17:24:02,628 - ztaskd - INFO - Server starting on ipc:///var/run/rockon-ztaskd.
2019-08-23 06:20:39,098 - ztaskd - INFO - Server starting on ipc:///var/run/rockon-ztaskd.
2019-08-23 06:35:23,328 - ztaskd - INFO - Server starting on ipc:///var/run/rockon-ztaskd.
2019-08-23 06:48:58,384 - ztaskd - INFO - Server starting on ipc:///var/run/rockon-ztaskd.
2019-08-23 06:58:24,643 - ztaskd - INFO - Server starting on ipc:///var/run/rockon-ztaskd.
2019-08-23 07:31:48,809 - ztaskd - INFO - Server starting on ipc:///var/run/rockon-ztaskd.
2019-08-23 10:54:51,990 - ztaskd - INFO - Server starting on ipc:///var/run/rockon-ztaskd.
2019-10-29 05:45:37,495 - ztaskd - INFO - Server starting on ipc:///var/run/rockon-ztaskd.
2019-10-29 05:49:20,973 - ztaskd - INFO - Server starting on ipc:///var/run/rockon-ztaskd.
2019-10-29 05:53:44,772 - ztaskd - INFO - Server starting on ipc:///var/run/rockon-ztaskd.
2019-10-29 05:59:45,809 - ztaskd - INFO - Server starting on ipc:///var/run/rockon-ztaskd.
2019-10-29 14:27:09,033 - ztaskd - INFO - Server starting on ipc:///var/run/rockon-ztaskd.
2019-10-29 14:37:47,619 - ztaskd - INFO - Server starting on ipc:///var/run/rockon-ztaskd.
2019-10-29 14:38:11,910 - ztaskd - INFO - Server starting on ipc:///var/run/rockon-ztaskd.
2019-10-29 14:42:55,812 - ztaskd - INFO - Server starting on ipc:///var/run/rockon-ztaskd.
2019-10-29 14:47:23,717 - ztaskd - INFO - Server starting on ipc:///var/run/rockon-ztaskd.
2019-10-29 14:48:16,940 - ztaskd - INFO - Server starting on ipc:///var/run/rockon-ztaskd.
2019-10-29 14:54:53,860 - ztaskd - INFO - Server starting on ipc:///var/run/rockon-ztaskd.
2019-11-22 04:54:04,226 - ztaskd - INFO - Server starting on ipc:///var/run/rockon-ztaskd.
2019-11-22 04:57:50,709 - ztaskd - INFO - Server starting on ipc:///var/run/rockon-ztaskd.
2019-11-23 21:16:17,945 - ztaskd - INFO - Server starting on ipc:///var/run/rockon-ztaskd.
2019-11-24 02:25:31,064 - ztaskd - INFO - Server starting on ipc:///var/run/rockon-ztaskd.
2019-11-24 02:38:29,610 - ztaskd - INFO - Server starting on ipc:///var/run/rockon-ztaskd.
2019-11-24 02:41:05,797 - ztaskd - INFO - Server starting on ipc:///var/run/rockon-ztaskd.
2019-11-24 02:53:31,012 - ztaskd - INFO - Server starting on ipc:///var/run/rockon-ztaskd.
2019-11-24 03:42:26,640 - ztaskd - INFO - Server starting on ipc:///var/run/rockon-ztaskd.
2019-11-24 03:43:25,338 - ztaskd - INFO - Server starting on ipc:///var/run/rockon-ztaskd.
2019-11-24 03:45:14,424 - ztaskd - INFO - Server starting on ipc:///var/run/rockon-ztaskd.
2019-11-24 15:37:54,275 - ztaskd - INFO - Server starting on ipc:///var/run/rockon-ztaskd.
2019-11-24 16:48:01,372 - ztaskd - INFO - Server starting on ipc:///var/run/rockon-ztaskd.
2019-11-24 16:51:03,858 - ztaskd - INFO - Server starting on ipc:///var/run/rockon-ztaskd.
2019-11-24 16:52:20,914 - ztaskd - INFO - Server starting on ipc:///var/run/rockon-ztaskd.
2019-11-24 17:11:06,374 - ztaskd - INFO - Server starting on ipc:///var/run/rockon-ztaskd.
2019-11-24 18:21:09,495 - ztaskd - INFO - Calling fs.btrfs.start_balance
2019-11-24 18:21:09,551 - ztaskd - ERROR - Error calling fs.btrfs.start_balance. Details:
Error running a command. cmd = btrfs balance start --full-balance 0. rc = 1. stdout = ['']. stderr = ["ERROR: cannot access '0': No such file or directory", '']
2019-11-24 18:21:14,559 - ztaskd - INFO - Count not get task with id 5ce2cc56-4e9b-415a-8b3a-1b24fc3552ec:
Task matching query does not exist.
2019-11-26 12:17:11,015 - ztaskd - INFO - Server starting on ipc:///var/run/rockon-ztaskd.
