LOG:  database system was interrupted; last known up at 2019-08-16 13:21:04 PDT
LOG:  database system was not properly shut down; automatic recovery in progress
LOG:  record with zero length at 0/1D13DB8
LOG:  redo is not required
LOG:  database system is ready to accept connections
LOG:  autovacuum launcher started
ERROR:  column storageadmin_share.poolname does not exist at character 67
STATEMENT:  SELECT "storageadmin_share"."id", "storageadmin_share"."pool_id", "storageadmin_share"."poolname", "storageadmin_share"."qgroup", "storageadmin_share"."pqgroup", "storageadmin_share"."name", "storageadmin_share"."uuid", "storageadmin_share"."size", "storageadmin_share"."owner", "storageadmin_share"."group", "storageadmin_share"."perms", "storageadmin_share"."toc", "storageadmin_share"."subvol_name", "storageadmin_share"."replica", "storageadmin_share"."compression_algo", "storageadmin_share"."rusage", "storageadmin_share"."eusage", "storageadmin_share"."pqgroup_rusage", "storageadmin_share"."pqgroup_eusage" FROM "storageadmin_share"
ERROR:  column storageadmin_share.poolname does not exist at character 67
STATEMENT:  SELECT "storageadmin_share"."id", "storageadmin_share"."pool_id", "storageadmin_share"."poolname", "storageadmin_share"."qgroup", "storageadmin_share"."pqgroup", "storageadmin_share"."name", "storageadmin_share"."uuid", "storageadmin_share"."size", "storageadmin_share"."owner", "storageadmin_share"."group", "storageadmin_share"."perms", "storageadmin_share"."toc", "storageadmin_share"."subvol_name", "storageadmin_share"."replica", "storageadmin_share"."compression_algo", "storageadmin_share"."rusage", "storageadmin_share"."eusage", "storageadmin_share"."pqgroup_rusage", "storageadmin_share"."pqgroup_eusage" FROM "storageadmin_share"
ERROR:  column storageadmin_share.poolname does not exist at character 67
STATEMENT:  SELECT "storageadmin_share"."id", "storageadmin_share"."pool_id", "storageadmin_share"."poolname", "storageadmin_share"."qgroup", "storageadmin_share"."pqgroup", "storageadmin_share"."name", "storageadmin_share"."uuid", "storageadmin_share"."size", "storageadmin_share"."owner", "storageadmin_share"."group", "storageadmin_share"."perms", "storageadmin_share"."toc", "storageadmin_share"."subvol_name", "storageadmin_share"."replica", "storageadmin_share"."compression_algo", "storageadmin_share"."rusage", "storageadmin_share"."eusage", "storageadmin_share"."pqgroup_rusage", "storageadmin_share"."pqgroup_eusage" FROM "storageadmin_share" WHERE "storageadmin_share"."pool_id" = 1
ERROR:  column storageadmin_share.poolname does not exist at character 67
STATEMENT:  SELECT "storageadmin_share"."id", "storageadmin_share"."pool_id", "storageadmin_share"."poolname", "storageadmin_share"."qgroup", "storageadmin_share"."pqgroup", "storageadmin_share"."name", "storageadmin_share"."uuid", "storageadmin_share"."size", "storageadmin_share"."owner", "storageadmin_share"."group", "storageadmin_share"."perms", "storageadmin_share"."toc", "storageadmin_share"."subvol_name", "storageadmin_share"."replica", "storageadmin_share"."compression_algo", "storageadmin_share"."rusage", "storageadmin_share"."eusage", "storageadmin_share"."pqgroup_rusage", "storageadmin_share"."pqgroup_eusage" FROM "storageadmin_share" WHERE "storageadmin_share"."pool_id" = 1 LIMIT 21
ERROR:  column storageadmin_share.poolname does not exist at character 67
STATEMENT:  SELECT "storageadmin_share"."id", "storageadmin_share"."pool_id", "storageadmin_share"."poolname", "storageadmin_share"."qgroup", "storageadmin_share"."pqgroup", "storageadmin_share"."name", "storageadmin_share"."uuid", "storageadmin_share"."size", "storageadmin_share"."owner", "storageadmin_share"."group", "storageadmin_share"."perms", "storageadmin_share"."toc", "storageadmin_share"."subvol_name", "storageadmin_share"."replica", "storageadmin_share"."compression_algo", "storageadmin_share"."rusage", "storageadmin_share"."eusage", "storageadmin_share"."pqgroup_rusage", "storageadmin_share"."pqgroup_eusage" FROM "storageadmin_share" WHERE "storageadmin_share"."pool_id" = 1 LIMIT 21
ERROR:  column storageadmin_share.poolname does not exist at character 67
STATEMENT:  SELECT "storageadmin_share"."id", "storageadmin_share"."pool_id", "storageadmin_share"."poolname", "storageadmin_share"."qgroup", "storageadmin_share"."pqgroup", "storageadmin_share"."name", "storageadmin_share"."uuid", "storageadmin_share"."size", "storageadmin_share"."owner", "storageadmin_share"."group", "storageadmin_share"."perms", "storageadmin_share"."toc", "storageadmin_share"."subvol_name", "storageadmin_share"."replica", "storageadmin_share"."compression_algo", "storageadmin_share"."rusage", "storageadmin_share"."eusage", "storageadmin_share"."pqgroup_rusage", "storageadmin_share"."pqgroup_eusage" FROM "storageadmin_share" WHERE "storageadmin_share"."pool_id" = 1 LIMIT 21
ERROR:  column storageadmin_share.poolname does not exist at character 67
STATEMENT:  SELECT "storageadmin_share"."id", "storageadmin_share"."pool_id", "storageadmin_share"."poolname", "storageadmin_share"."qgroup", "storageadmin_share"."pqgroup", "storageadmin_share"."name", "storageadmin_share"."uuid", "storageadmin_share"."size", "storageadmin_share"."owner", "storageadmin_share"."group", "storageadmin_share"."perms", "storageadmin_share"."toc", "storageadmin_share"."subvol_name", "storageadmin_share"."replica", "storageadmin_share"."compression_algo", "storageadmin_share"."rusage", "storageadmin_share"."eusage", "storageadmin_share"."pqgroup_rusage", "storageadmin_share"."pqgroup_eusage" FROM "storageadmin_share"
ERROR:  column storageadmin_share.poolname does not exist at character 67
STATEMENT:  SELECT "storageadmin_share"."id", "storageadmin_share"."pool_id", "storageadmin_share"."poolname", "storageadmin_share"."qgroup", "storageadmin_share"."pqgroup", "storageadmin_share"."name", "storageadmin_share"."uuid", "storageadmin_share"."size", "storageadmin_share"."owner", "storageadmin_share"."group", "storageadmin_share"."perms", "storageadmin_share"."toc", "storageadmin_share"."subvol_name", "storageadmin_share"."replica", "storageadmin_share"."compression_algo", "storageadmin_share"."rusage", "storageadmin_share"."eusage", "storageadmin_share"."pqgroup_rusage", "storageadmin_share"."pqgroup_eusage" FROM "storageadmin_share" LIMIT 21
ERROR:  column storageadmin_share.poolname does not exist at character 67
STATEMENT:  SELECT "storageadmin_share"."id", "storageadmin_share"."pool_id", "storageadmin_share"."poolname", "storageadmin_share"."qgroup", "storageadmin_share"."pqgroup", "storageadmin_share"."name", "storageadmin_share"."uuid", "storageadmin_share"."size", "storageadmin_share"."owner", "storageadmin_share"."group", "storageadmin_share"."perms", "storageadmin_share"."toc", "storageadmin_share"."subvol_name", "storageadmin_share"."replica", "storageadmin_share"."compression_algo", "storageadmin_share"."rusage", "storageadmin_share"."eusage", "storageadmin_share"."pqgroup_rusage", "storageadmin_share"."pqgroup_eusage" FROM "storageadmin_share" LIMIT 21
ERROR:  column storageadmin_share.poolname does not exist at character 67
STATEMENT:  SELECT "storageadmin_share"."id", "storageadmin_share"."pool_id", "storageadmin_share"."poolname", "storageadmin_share"."qgroup", "storageadmin_share"."pqgroup", "storageadmin_share"."name", "storageadmin_share"."uuid", "storageadmin_share"."size", "storageadmin_share"."owner", "storageadmin_share"."group", "storageadmin_share"."perms", "storageadmin_share"."toc", "storageadmin_share"."subvol_name", "storageadmin_share"."replica", "storageadmin_share"."compression_algo", "storageadmin_share"."rusage", "storageadmin_share"."eusage", "storageadmin_share"."pqgroup_rusage", "storageadmin_share"."pqgroup_eusage" FROM "storageadmin_share" LIMIT 21
ERROR:  column storageadmin_share.poolname does not exist at character 67
STATEMENT:  SELECT "storageadmin_share"."id", "storageadmin_share"."pool_id", "storageadmin_share"."poolname", "storageadmin_share"."qgroup", "storageadmin_share"."pqgroup", "storageadmin_share"."name", "storageadmin_share"."uuid", "storageadmin_share"."size", "storageadmin_share"."owner", "storageadmin_share"."group", "storageadmin_share"."perms", "storageadmin_share"."toc", "storageadmin_share"."subvol_name", "storageadmin_share"."replica", "storageadmin_share"."compression_algo", "storageadmin_share"."rusage", "storageadmin_share"."eusage", "storageadmin_share"."pqgroup_rusage", "storageadmin_share"."pqgroup_eusage" FROM "storageadmin_share"
ERROR:  column storageadmin_share.poolname does not exist at character 67
STATEMENT:  SELECT "storageadmin_share"."id", "storageadmin_share"."pool_id", "storageadmin_share"."poolname", "storageadmin_share"."qgroup", "storageadmin_share"."pqgroup", "storageadmin_share"."name", "storageadmin_share"."uuid", "storageadmin_share"."size", "storageadmin_share"."owner", "storageadmin_share"."group", "storageadmin_share"."perms", "storageadmin_share"."toc", "storageadmin_share"."subvol_name", "storageadmin_share"."replica", "storageadmin_share"."compression_algo", "storageadmin_share"."rusage", "storageadmin_share"."eusage", "storageadmin_share"."pqgroup_rusage", "storageadmin_share"."pqgroup_eusage" FROM "storageadmin_share" WHERE "storageadmin_share"."pool_id" = 1
ERROR:  column storageadmin_share.poolname does not exist at character 67
STATEMENT:  SELECT "storageadmin_share"."id", "storageadmin_share"."pool_id", "storageadmin_share"."poolname", "storageadmin_share"."qgroup", "storageadmin_share"."pqgroup", "storageadmin_share"."name", "storageadmin_share"."uuid", "storageadmin_share"."size", "storageadmin_share"."owner", "storageadmin_share"."group", "storageadmin_share"."perms", "storageadmin_share"."toc", "storageadmin_share"."subvol_name", "storageadmin_share"."replica", "storageadmin_share"."compression_algo", "storageadmin_share"."rusage", "storageadmin_share"."eusage", "storageadmin_share"."pqgroup_rusage", "storageadmin_share"."pqgroup_eusage" FROM "storageadmin_share" WHERE "storageadmin_share"."pool_id" = 1 LIMIT 21
ERROR:  column storageadmin_share.poolname does not exist at character 67
STATEMENT:  SELECT "storageadmin_share"."id", "storageadmin_share"."pool_id", "storageadmin_share"."poolname", "storageadmin_share"."qgroup", "storageadmin_share"."pqgroup", "storageadmin_share"."name", "storageadmin_share"."uuid", "storageadmin_share"."size", "storageadmin_share"."owner", "storageadmin_share"."group", "storageadmin_share"."perms", "storageadmin_share"."toc", "storageadmin_share"."subvol_name", "storageadmin_share"."replica", "storageadmin_share"."compression_algo", "storageadmin_share"."rusage", "storageadmin_share"."eusage", "storageadmin_share"."pqgroup_rusage", "storageadmin_share"."pqgroup_eusage" FROM "storageadmin_share" WHERE "storageadmin_share"."pool_id" = 1 LIMIT 21
ERROR:  column storageadmin_share.poolname does not exist at character 67
STATEMENT:  SELECT "storageadmin_share"."id", "storageadmin_share"."pool_id", "storageadmin_share"."poolname", "storageadmin_share"."qgroup", "storageadmin_share"."pqgroup", "storageadmin_share"."name", "storageadmin_share"."uuid", "storageadmin_share"."size", "storageadmin_share"."owner", "storageadmin_share"."group", "storageadmin_share"."perms", "storageadmin_share"."toc", "storageadmin_share"."subvol_name", "storageadmin_share"."replica", "storageadmin_share"."compression_algo", "storageadmin_share"."rusage", "storageadmin_share"."eusage", "storageadmin_share"."pqgroup_rusage", "storageadmin_share"."pqgroup_eusage" FROM "storageadmin_share" WHERE "storageadmin_share"."pool_id" = 1 LIMIT 21
ERROR:  column storageadmin_share.poolname does not exist at character 67
STATEMENT:  SELECT "storageadmin_share"."id", "storageadmin_share"."pool_id", "storageadmin_share"."poolname", "storageadmin_share"."qgroup", "storageadmin_share"."pqgroup", "storageadmin_share"."name", "storageadmin_share"."uuid", "storageadmin_share"."size", "storageadmin_share"."owner", "storageadmin_share"."group", "storageadmin_share"."perms", "storageadmin_share"."toc", "storageadmin_share"."subvol_name", "storageadmin_share"."replica", "storageadmin_share"."compression_algo", "storageadmin_share"."rusage", "storageadmin_share"."eusage", "storageadmin_share"."pqgroup_rusage", "storageadmin_share"."pqgroup_eusage" FROM "storageadmin_share"
ERROR:  column storageadmin_share.poolname does not exist at character 67
STATEMENT:  SELECT "storageadmin_share"."id", "storageadmin_share"."pool_id", "storageadmin_share"."poolname", "storageadmin_share"."qgroup", "storageadmin_share"."pqgroup", "storageadmin_share"."name", "storageadmin_share"."uuid", "storageadmin_share"."size", "storageadmin_share"."owner", "storageadmin_share"."group", "storageadmin_share"."perms", "storageadmin_share"."toc", "storageadmin_share"."subvol_name", "storageadmin_share"."replica", "storageadmin_share"."compression_algo", "storageadmin_share"."rusage", "storageadmin_share"."eusage", "storageadmin_share"."pqgroup_rusage", "storageadmin_share"."pqgroup_eusage" FROM "storageadmin_share" LIMIT 21
ERROR:  column storageadmin_share.poolname does not exist at character 67
STATEMENT:  SELECT "storageadmin_share"."id", "storageadmin_share"."pool_id", "storageadmin_share"."poolname", "storageadmin_share"."qgroup", "storageadmin_share"."pqgroup", "storageadmin_share"."name", "storageadmin_share"."uuid", "storageadmin_share"."size", "storageadmin_share"."owner", "storageadmin_share"."group", "storageadmin_share"."perms", "storageadmin_share"."toc", "storageadmin_share"."subvol_name", "storageadmin_share"."replica", "storageadmin_share"."compression_algo", "storageadmin_share"."rusage", "storageadmin_share"."eusage", "storageadmin_share"."pqgroup_rusage", "storageadmin_share"."pqgroup_eusage" FROM "storageadmin_share" LIMIT 21
ERROR:  column storageadmin_share.poolname does not exist at character 67
STATEMENT:  SELECT "storageadmin_share"."id", "storageadmin_share"."pool_id", "storageadmin_share"."poolname", "storageadmin_share"."qgroup", "storageadmin_share"."pqgroup", "storageadmin_share"."name", "storageadmin_share"."uuid", "storageadmin_share"."size", "storageadmin_share"."owner", "storageadmin_share"."group", "storageadmin_share"."perms", "storageadmin_share"."toc", "storageadmin_share"."subvol_name", "storageadmin_share"."replica", "storageadmin_share"."compression_algo", "storageadmin_share"."rusage", "storageadmin_share"."eusage", "storageadmin_share"."pqgroup_rusage", "storageadmin_share"."pqgroup_eusage" FROM "storageadmin_share" LIMIT 21
LOG:  received fast shutdown request
LOG:  aborting any active transactions
LOG:  autovacuum launcher shutting down
LOG:  shutting down
LOG:  database system is shut down
LOG:  database system was shut down at 2019-08-17 13:32:30 PDT
LOG:  database system is ready to accept connections
LOG:  autovacuum launcher started
LOG:  received fast shutdown request
LOG:  aborting any active transactions
LOG:  autovacuum launcher shutting down
LOG:  shutting down
LOG:  database system is shut down
LOG:  database system was shut down at 2019-08-17 14:58:57 PDT
LOG:  database system is ready to accept connections
LOG:  autovacuum launcher started
LOG:  received fast shutdown request
LOG:  aborting any active transactions
